This is pdfTeX, Version 3.1415926-2.4-1.40.13 (TeX Live 2012/Debian) (format=latex 2012.10.29)  19 JUN 2013 11:11
entering extended mode
 restricted \write18 enabled.
 %&-line parsing enabled.
**fmtcount.ins
(./fmtcount.ins
LaTeX2e <2011/06/27>
Babel <v3.8m> and hyphenation patterns for english, dumylang, nohyphenation, lo
aded.
(/usr/share/texlive/texmf-dist/tex/latex/base/docstrip.tex
\blockLevel=\count79
\emptyLines=\count80
\processedLines=\count81
\commentsRemoved=\count82
\commentsPassed=\count83
\codeLinesPassed=\count84
\TotalprocessedLines=\count85
\TotalcommentsRemoved=\count86
\TotalcommentsPassed=\count87
\TotalcodeLinesPassed=\count88
\NumberOfFiles=\count89
\inFile=\read1
\inputcheck=\read2
\off@0=\count90
\off@1=\count91
\off@2=\count92
\off@3=\count93
\off@4=\count94
\off@5=\count95
\off@6=\count96
\off@7=\count97
\off@8=\count98
\off@9=\count99
\off@10=\count100
\off@11=\count101
\off@12=\count102
\off@13=\count103
\off@14=\count104
\off@15=\count105
\@maxfiles=\count106
\@maxoutfiles=\count107

Utility: `docstrip' 2.5d <2005/07/29>
English documentation    <1999/03/31>

**********************************************************
* This program converts documented macro-files into fast *
* loadable files by stripping off (nearly) all comments! *
**********************************************************

********************************************************
* No Configuration file found, using default settings. *
********************************************************

)

Generating file(s) ./fcnumparser.sty ./fcprefix.sty ./fmtcount.sty ./fc-america
n.def ./fc-british.def ./fc-english.def ./fc-francais.def ./fc-french.def ./fc-
frenchb.def ./fc-german.def ./fc-germanb.def ./fc-italian.def ./fc-ngerman.def 
./fc-ngermanb.def ./fc-portuges.def ./fc-spanish.def ./fc-UKenglish.def ./fc-US
english.def 
\openout0 = `./fcnumparser.sty'.

\openout1 = `./fcprefix.sty'.

\openout2 = `./fmtcount.sty'.

\openout3 = `./fc-american.def'.

\openout4 = `./fc-british.def'.

\openout5 = `./fc-english.def'.

\openout6 = `./fc-francais.def'.

\openout7 = `./fc-french.def'.

\openout8 = `./fc-frenchb.def'.

\openout9 = `./fc-german.def'.

\openout10 = `./fc-germanb.def'.

\openout11 = `./fc-italian.def'.

\openout12 = `./fc-ngerman.def'.

\openout13 = `./fc-ngermanb.def'.

\openout14 = `./fc-portuges.def'.

\openout15 = `./fc-spanish.def'.


Processing file fmtcount.dtx (fcnumparser.sty,package) -> fcnumparser.sty
                             (fcprefix.sty,package) -> fcprefix.sty
                             (fmtcount.sty,package) -> fmtcount.sty
                             (fc-american.def,package) -> fc-american.def
                             (fc-british.def,package) -> fc-british.def
                             (fc-english.def,package) -> fc-english.def
                             (fc-francais.def,package) -> fc-francais.def
                             (fc-french.def,package) -> fc-french.def
                             (fc-frenchb.def,package) -> fc-frenchb.def
                             (fc-german.def,package) -> fc-german.def
                             (fc-germanb.def,package) -> fc-germanb.def
                             (fc-italian.def,package) -> fc-italian.def
                             (fc-ngerman.def,package) -> fc-ngerman.def
                             (fc-ngermanb.def,package) -> fc-ngermanb.def
                             (fc-portuges.def,package) -> fc-portuges.def
                             (fc-spanish.def,package) -> fc-spanish.def
% % % % % % % % % % % <*package > % % % % % % <*driver . . . . . . . . . . . .
. . . . . . . . . . . . . . . . > % % % % % % % % % % % % % % % % % % % % % %
% % % % % % % % % % % % % % % % % % % % % % % % % % % % % % % % % % % % % % %
% % % % % % % % % % % % % % % % % % % % % % % % % % % % % % % % % % % % % % %
% % % % % % % % % % % % % % % % % % % % % % % % % % % % % % % % % % % % % % %
% % % % % % % % % % % % % % % % % % % % % % % % % % % % % % % % % % % % % % %
% % % % % % % % % % % % % % % % % % % % % % % % % % % % % % % % % % % % % % %
% % % % % % % % % % % % % % % % % % % % % % % % % % % % % % % % % % % % % % %
% % % % % % % % % % % % % % % % % % % % % % % % % % % % % % % % % % % % % % %
% % % % % % % % % % % % % % % % % % % % % % % % % % % % % % % % % % % % % % %
% % % % % % % % % % % % % % % % % % % % % % % % % % % % % % % % % % % % % % %
% % % % % % % % % % % % % % % % % % % % % % % % % % % % % % % % % % % % % % %
% % % % % % % % % % % % % % % % % % % % % % % % % % % % % % % % % % % % % % %
% % % % % % % % % % % % % % % % % % % % % % % % % % % % % % % % % % % % % % %
% % % % % % % % % % % % % % % % % % % % % % % % % % % % % % % % % % % % % % %
% % % % % % % % % % % % % % % % % % % % % % % % % % % % % % % % % % % % % % %
% % % % % % % % % % % % % % % % % % % % % % % % % % % % % % % % % % % % % % %
% % % % % % % % % % % % % % % % % % % % % % % % % % % % % % % % % % % % % % %
% % % % % % % % % % % % % % % % % % % % % % % % % % % % % % % % % % % % % % %
% % % % % % % % % % % % % % % % % % % % % % % % % % % % % % % % % % % % % % %
% % % % % % % % % % % % % % % <*fcnumparser.sty % % % % . . % % % . . . % % .
. . % % % % % . % % % . . . % % % % . . . % % % . . % % % % . . . . % % % % .
. . . % % % % % % . % % % . . . . . . . . . . . . . . . . % % % . . . . . . .
. . . . . . . . . . % % % . % % % % % % . . % % % % % % % % . . . . . % % % %
% . . . . . . . . . % % % . . . . . % % % . . . . . . . . . . . . . . . % % %
% % . . . . % % % . . . . . . . . . . . . . . . / . . % % % % % . . % % % % %
% % % % . . . . . . . . . . . . . . . . . . % % % % . . % % % . . . . . . . .
. . . . . . % % % % . . . % % % . . . . . . . . . . . . . . % % % % % . . . %
% % . . . . . . . . . . . . . . % % % % % . . . % % % % % % % % % % % . . % %
% . . . . % % % . % % % . . . . . % % % % % % % % % % % % % % % % % % % % % %
% . . . . . . . . . . . . . . . . . . . . . . . . . . . . . . % % . . . . . .
. . . . . . . . . . . . % % % % . . . % % % % % . . % % % % % % . . . . % % %
. . . . . . . . . . . . . % % % . . . . . % % % % % % % % . . . . % % % % . .
% % % % . . . % % % % % % % . . . . . % % % . % % % . . . % % % % . . % % % .
. . . . . . . . . . . . . % % % % % % % % . . . . % % % % % . . . % % % . . .
. . % % % . . . % % % . . % % % . . . . % % % . . . . % % % . . % % % . . . .
% . . . % % > % % % % <*fcprefix.sty % % % % % . . . . . % % % % % . . . . . .
. . . . . . % % % . % % % % . . . . . . . . . . . . % % % % . . . . . . . . .
. . . % % % . % % % % % % % % . . . . . . . . . . . . . . . . . . . % % % % %
% % . . . . % % % . . % % % . % % % . . . . . . . . % % % . . . . % % % . . .
. . . . % % % . . . % % % . . % % % % % % . . % % % % % % % . . % % % . % % %
. . % % % % . . % % % . % % % . . . . % % % % . . . . . . % % % % . . . . . .
. . . % % % . . % % % . . . . . . . . . . . % % % . . . . . . . . . . . . . .
. . % % % % . . . . . . . . . . . . . . . . . . . . . . . . . . . . . . . . .
. . . . % % % % . % % % . . % % % % % . . . . . . . % % % . . . . . % % % % %
% . . . % % % % % % % . . . . . . % % % . % % % . . . . % % % % . . . . . . %
% % . . . . . . . . . . . . . . . . . . . . . . . . . . . . . . . . % % % . .
. . . . . . . . . . . . . . . % % % . . . . . . . . . . . . . . . . . . . . .
. . . . . . . . . % % % % % . . . . . . . . % % % . . . . . % % % % % % % % %
% % % % % % % . . . . . . . . . . . . . . % % . . . . . . . . . . . . . . % %
% % % % % % % % . . . . . % % % % % % % . . . . . . . % % . . . % % . . . % .
. . % % > % % % % <*fmtcount.sty % % % % % . . . . . . % % % % % % % % % . % %
% % % % % % . % % % % % % % % % . . . % % % % % % % % % % % % % . . . . . . .
. . . . . . . . . . . . . % % % % % % % % % % . . . % % % % % % % . . . % % %
% % % % % % % % % . . . % % % % % % % % % . . . . . . . . . . . . . . % % % %
% % . % % % % . . . . . . . . . . . % % % % % . . . . . . . . . . . . . . % %
% % % % . . . . . . . . . . . . . . % % % % % . . . . % % % % % . . . . . . .
. . . . . . . . . . . . . . . . . . . . . . . . . . . . % % % % % % % . . . .
. . % % % . . % % % % . . % % % % . % % % % % % % % % % % . . . . . . . % % %
% . . . . % % % % . . . % % % % . . . . . . . . . . . . . . . . . . . . . . .
. . . % % % % % . . . . . . . . . . . . . . . . . . . . . . . . . . . . . . %
% % % % . . . . % % % % % % . . . . . . . . . . . . . . . . . . . . . . . . %
% % % % . . . . % % % % % . . . . . . . . . . . . . . . . . . . . . . . . . %
% % % % . . . . . . . . . . . . . . . . . . . % % % % % . . . . . . . . . . .
. . . . . . . . % % % % % . . . . . . . . . . . . . . . . . . . . . . . . . .
. . % % % % % . . . . . . . . . . . . . . . . . . . . . . . . . . . % % % % %
% . . . . . . . % % % % % % . . . . . . . . . . . . . % % % % % % % % % % % %
% % % % % % % % % % . . . . % % % % % % % . . . . . . . % % % % % % % % . . .
. . % % % % % % % % . . . . . . . . . . . . . . . . . . . . . . . . . % % % %
% % . . . . % % % % % % % . . . . . % % % % % . . . . . . . . . . . . . . . .
. . . . . . . % % % % % . % % % % % . . . . % % % % % % % % % . . . . . % % %
% % . . . . . . . . . . . . . . . . . . . . . . . . . % % % % % % % . . . . %
% % % % % . . . . . % % % % % . . . . . . . . . . . . . . . . . . . . . . . %
% % % % % . . . . % % % % % % % % . . . . . % % % % % % . . . . . . . . . . .
. . . . . . . . . . . . . . % % % % % % % % . . . . % % % % % % % . . . . . %
% % % % % . . . . . . . . . . . . . . . . . . . . . . . % % % % % % % . . . .
% % % % % % . . . . . % % % % % . . . . . . . . . . . . . . . . . . . . . . .
. . % % % % % % . . . . . % % % % % % % . . . . . % % % % % . . . . . . . . .
. . . . . . . . . . . . . . . . % % % % % % % . . . . % % % % % . . . . . % %
% % % . . . . . . . . . . . . . . . . . . . . . . . % % % % % % . . . . % % %
% % % % . . . . . % % % % % % . . . . . . . . . . . . . . . . . . . . . . . .
. % % % % % % . . . . % % % % % . . . . . % % % % % . . . . . . . . . . . . .
. . . . . . . . . . % % % % % % . . . . % % % % % % % . . . . . % % % % % . .
. . . . . . . . . . . . . . . . . . . . . . . % % % % % % . . . . % % % % % %
. . . . . % % % % % . . . . . . . . . . . . . . . . . . . . . . . . . % % % %
% % . . . . % % % % % % % . . . . . % % % % % . . . . . . . . . . . . . . . .
. . . . . . . . . % % % % % . . . . % % % % % % . . . . % % % % % . . . . % %
% % % % . . . . % % % % % . . . . % % % % % . . . . % % % % % . . . . % % % %
% . . . . % % % % % . . . . % % % % % % % % % % . . . . . . . . . . . . . . .
. . . % % % % % % % . . . . . . . . . . . . . . . . . . . . . . . . . . . . .
. . . . . % % % % % % % % . % % % . . . % % % . . . % % % . . . % % % . . . %
% % . . . % % % . . . % % % . . . % % % . . . % % % . . . % % % . . . % % % .
. . % % % . . . % % % . . . % % % . . . % % % . . . . % % % % . . . . . . . .
. . . . . . % % % . . . . . % . % % > % % % % <*fc-american.def % % % % % . %
% % . % % % % . . . . . . . . . . . . . . . % % % > % % % % <*fc-british.def %
% % % % . % % % . % % % % . . . . . . . . . . . . . . . % % % > % % % %
<*fc-english.def % % % % % . % % % % % . . . . . . . . . . . . . . . . . . . .
. . . . . . . . % % % % . . % % % % % % . . . . . . . . . . . . . . % % % % .
. . . . . . . . . . . . % % % % . . . . . . . . . . . . . . % % % . . . . . .
. . . . . . . . % % % . . . . . . . . . . . . . % % % . . . . . . . . . . . .
. . % % % % % % % . . . . . . . . . . . . . . . . . . . . . . . . . . . . . .
. . . . . . . . . . . . . . . . . . . . . . . . . . . . . . . . . . . . . . .
. . . . . . . . . . . . . . . % % % % . . . . . . . . % % % % % . . % % % % %
. . . . . . . % % % % % . . % % % % . . . . . . . . . . . . . . % % % . . . .
. . . . . . . . . % % % . . . . . . . . . . . . . . % % % . . . . . . . . . .
. . . . % % % . . . . . . . . . . . . . % % % . . . . . . . . . . . . . . % %
% % % % . . . . . . . . . . . . . . . . % % % . . . . . . . . . . . . . . . .
. . . . . . . . . . . . . . . . . . . . . . . . . . . . . . . . . . . . . . .
. . . . . . . . . . . . . . . . . . . . . . . . . . . . . . . . . . . . . . .
. % % % % . . . . . . . . . . . % % % % . . % % % . . . . . . . . . . . % % %
% . . % % % > % % % % <*fc-francais.def % % % % . . % % % . . . . . . . . . .
. . . . . % . % % > % % % % <*fc-french.def % % % % % . % % % % % % % % % % %
% % % % % % . . . . . . . . . . . . . . . . . . . . . . . . . . . . . . . . .
. . . . . . % % % % % . . . . . . . . . . % % % % . . . . . . . % % % % % % %
% % . . . . . . . . . . . . . . . . . . . . % % % % % % % % % % . . . . . . .
. . . . . . . . . . % % % % % % % % % % . . . . . . . . . . . . . . . % % % %
. . . . . . . . % % % % . . . . . . . . % % % % . . % % % % . . . . . . . . .
. . . % % % . . . . . . . . . . % % % . . . . . . . . . . % % % . % % % . . .
. . . . . . . . . . . . . % % % . . . . . . . . . . . . . . . . % % % . . . .
. . . . . . . . . . . . % % % . . . . . . . . . % % % % % % % % % % % % % % %
% . . . . . . . . . . . . . . . . . . . . . . . . . . . . . . . . . . . . . .
. . . . . . . . . . . . . . . . . . . . . . . . . . . . . % % % % . . . . . .
. % % . . . . . . . . . . . . . . . . . . . . . . . . . . . . . . . . . . . .
. . . . . . . . . . . . . . . . . . . . . . . . . . . . . . . . . . . . . . .
. . . . . . . . . . . . . . . . . . . . . . . . . . . . . . . . . . . . . . .
. . . . . . . . . . . . . . . . . . . . . . . . . . . . . . . . . . . . . . .
. . . . . . . . . . . . . . . . . . . . . . . . . . . . . . . . . . . . . . .
. . . . . . . . . . . . . . . . . . . . . . . . . . . . . . . . . . . . . % %
% % % . . % % % % % % % % % % % % % % % % . . . . . . . . . . . . . . . . . .
. . . . . . . . . . . . . . . . . . . . % % % % . . . % % % . . . . . . . . .
% % % . . . . . . . . . % % % % % . . . % % % % % % % % % % % % % % % % . . %
% % % . % % % . % % % % . . . . . . . % % % % . % % % % % % . . % % % % . . .
% % % % % . % % % . . % % % % . . . . . . . . . . . . % % % . . . . . . . . .
. . . . . . . . . . . . . . . . . . % % % % . . . . % % % . . . % % % % . . .
. . . % % % % % . . . % % % . . % % % % . % % % . % % % % . . . % % % % % . .
. . . . . . . . . . . . . . . . . . . . . % % % . . . . % % % . . . % % % . .
. . . . % % % % % . . . % % % . . % % % % . . % % % % . % % % . . . . . . . .
. . . . . . . . . . . . . . . . . . . . . . . . . . . . . . . . . . . . . . .
. . . . . . . . . . . . . . . . . . . . . . . . . . . . . . . . . % % % % . .
. . . . % % % % % % % . . . % % % % % % % % % % % % % % % % % % % % . . % % %
% . . . . . % % % % % % . . . . . % % % % . . . . . . . . . . . . . . % % % %
. . . . . . . . . . . . . . % % % % . . . . . % % % % . . . % % % % % % % % %
% % % % % . . % % % . % % % . % % % . . . % % % . . . . . . . . . . . . . . .
. . . . . . . . . . . . . . . . . . . . . . . . . . . . . . . . . . . . . . .
. % % % . . . . . % % % % . . . % % % % % % % % % % % % % . . % % % . . . % %
% . . . . % % % . . . . . . . . . . . . . . . . . . . . . . . . . . . . . . .
. . . . % % % . . . . . % % % % . . % % % % % % % . . % % % . . . . . . % % %
% % % . . . . % % % . . . . . % % % % % % % % . % % % % . . . % % % % . . . .
. . % % % % . . . % % % % . % % % % . % % % % % . % % % . . . . . % % % % . .
. % % % % % % % . . % % % . . . . . . . . . . % % % % . . . . . . . . . . . .
% % % . . . . . . . . . . . . . . . . . . . . . . . . % % % . . . % % % . . %
% % . % % % . . . . . . . . . . . . . . . . . . . % % % . . . . . % % % . . .
. . . . . . . . % . . . % % > % % % % <*fc-frenchb.def % % % % . . % % % . . .
. . . . . . . . . . . . % . % % > % % % % <*fc-german.def % % % % % % . % % %
% % % . . % % % . . % % % . . % % % % % % . . . . . . . . . . . . . . % % % .
. . . . . . . . . . . . . % % % % % . . % % % . . . . . . . . . . . . . . % %
% % . . . . . % % % . . % % % . . . . % % % . . % % % . . . . . . . . . . % %
% . . . . . . . . . . % % % . . . . . . . . . . % % % . . . . % % % . . . . %
% % . . . . % % % % % % % . . . . . . . . . . . . . . % % % . . . . . . . . .
. . . . % % % . . . . . . . . . . . . . . % % % . . . . . . . . . . . . . . %
% % . . . . . . . . . . . . . % % % . . . . . . . . . . . . . . % % % % % . .
. . . . . . . . . . . . % % % . . . . . . . . . . . . . % % % . . . . . . . .
. . . . . . % % % % % % . . . . . . . . . . . . . . . . . . . . . % % % % % .
. . . . . . . . . . . . . . % % % . . . % % % . . . . . . . . % % % . . . % %
% . % % % . . % % % . . . . . . . . . . . . . . . . % % % . . . . . . . . . .
. . . . . . . . . % % . . . . . . . . . . . . . . . % % % . % % % . . . . . .
. % % % . . . . . . . . . . . . % % % % . . . . . . . . . . . . % % % % . . .
. . . . . . . . . . . . . . . % % % . % . % % > % % % % <*fc-germanb.def % % %
% . % % % . % % % . . . . . . . . . . . . . . . % . % % > % % % %
<*fc-italian.def % % % % % % . . . . . . . . . . . . . . . . . . . . . . . . .
. . . . . . . . % . % % > % % % % <*fc-ngerman.def % % % % . . . % % % % . . .
. . . . . . . . . . . . % . % % > % % % % <*fc-ngermanb.def % % % % . . % % %
% . . . . . . . . . . . . . . . % % % . % . % % > % % % % <*fc-portuges.def %
% % % % . % % % % % . . . . . . % % % . . . . . . % % % . % % % % % % . . . .
. . . . . . . . . . % % % . . . . . . . . . . . . . . % % % . . . . . . . . .
. . . . . % % % . . . . . . . . . . . . . . % % % . . . . . . . . . . . . % %
% . . . . . . . . . . . . % % % . . . . . . . . . . . . . . % % % . . . . . .
. . . . . . . . % % % . . . . . . . . . . . . . . % % % . . . . . . . . . . .
. . . % % % . . . . . . . . . . . . % % % . . . . . . . . . . . . % % % % % %
% . . . . . . . . % % % . . . . . . . . % % % . % % % . . . . . . . . % % % .
. . . . . . . % % % . % % % . . . . . . . . % % % . . . . . . . . % % % . % %
% . . . . . . . . % % % . . . . . . . . % % % . % % % % . . . . . . . . . . .
. . . % % % . . . . . . . . . . . . . % % % . . . . . % % % . . . . . . . . .
. . . % % % . . . . . . . . . . . . . . % % % . . . . . . . . . . . . . % % %
. . . . . . . . . . . . % % % . . . . . . . . . . . . . . % % % . . . . . . .
. . . . . . % % % . . . . . . . . . . . . % % % . . . . . . . . . . . . . . %
% % . . . . . . . . . . . . . % % % . . . . . . . . . . . . % % % % % % % . .
. . . . . . . . . . . . . % % % . . . . . . . . . . . . . . . . . . . . . . .
. . . . . . . . . . . . . . . . . . . . . . . . . . . . . . . . . . . . . . .
. . . . . . . . . . . . . . . . . . . . . . . . . . . . . . % % % . . . . . .
. . . . . . . . . . . . . . . . . . . . . . . . . . . . . . . . . . . . . . .
. . . . . . . . . . . . . . . . . . . . . . . . . . . . . . . . . . . . . . .
. % % % > % % % % <*fc-spanish.def % % % % % . % % % % % % . . % % % . . % % %
. % % % % % . . . . . . . . . . . . . . % % % . . . . . . . . . . . . . . % %
% % % . . . . . . . . . . . . . . % % % . . . . . . . . . . . . . . % % % . .
. . . . . . . . . . . % % % . . . . . . . . . . . . . % % % . . . . . . . . .
. . . % % % . . . . . . . . . . . . % % % . . . . . . . . . . . . . . % % % .
. . . . . . . . . . . . . % % % % % . . . . . . . . . . . . . . % % % . . . .
. . . . . . . . . . % % % . . . . . . . . . . . . . % % % . . . . . . . . . .
. . . % % % . . . . . . . . . . . . % % % . . . . . . . . . . . . % % % % % %
% . . . . . . . . . % % % % % . . . . . . . . . % % % . % % % . . . . . . . .
. % % % % % . . . . . . . . . % % % . % % % . . . . . . . . % % % . . . . . .
. . % % % . % % % . . . . . . . . % % % . . . . . . . . % % % . % % % % % . .
. . . . . . . . . . . . % % % . . . . . . . . . . . . . % % % . . . . . . . .
. . . . . . % % % . . . . . . . . . . . . % % % . . . . . . . . . . . . . . %
% % . . . . . . . . . . . . . % % % . . . . . . . . . . . . . . % % % . . . .
. . . . . . . . % % % . . . . . . . . . . . . . . % % % . . . . . . . . . . .
. . % % % . . . . . . . . . . . . . . % % % . . . . . . . . . . . . % % % . .
. . . . . . . . . . . . % % % . . . . . . . . . . . . . % % % . . . . . . . .
. . . . . . % % % . . . . . . . . . . . . % % % % % % % % . . . . . . . . . .
. . . . . % % % . . . . . . . . . . . . . . . . . . . . . . . . . . . . . . .
. . . . . . . . . . . . . . . . . . . % % % % . . . . . . . . . . . . . . . .
. . . . . . . . . . . . . . . . . . . . % % % . . . . . . . . . . . . . . . .
. . . . . . . . . . . . . . . . . . . . . . . . . . . . . . . . . . . . . . .
. . . . . . . . . . . . . . . . . . . . . . . . . . . . . . . . . . . . % . %
% > % % % % <*fc-UKenglish.def % % % % % . % % % . % % % % . . . . . . . . . .
. . . . . % % % > % % % % <*fc-USenglish.def % % % % % . % % % . % % % % % . .
. . . . . . . . . . . . . % % % > % % %
File fmtcount.dtx ended by \endinput.
Lines  processed: 8360
Comments removed: 3140
Comments  passed: 25
Codelines passed: 5155

\openout0 = `./fc-UKenglish.def'.

\openout1 = `./fc-USenglish.def'.


Processing file fmtcount.dtx (fc-UKenglish.def,package) -> fc-UKenglish.def
                             (fc-USenglish.def,package) -> fc-USenglish.def
% % % % % % % % % % % <*package > % % % % % % <*driver . . . . . . . . . . . .
. . . . . . . . . . . . . . . . > % % % % % % % % % % % % % % % % % % % % % %
% % % % % % % % % % % % % % % % % % % % % % % % % % % % % % % % % % % % % % %
% % % % % % % % % % % % % % % % % % % % % % % % % % % % % % % % % % % % % % %
% % % % % % % % % % % % % % % % % % % % % % % % % % % % % % % % % % % % % % %
% % % % % % % % % % % % % % % % % % % % % % % % % % % % % % % % % % % % % % %
% % % % % % % % % % % % % % % % % % % % % % % % % % % % % % % % % % % % % % %
% % % % % % % % % % % % % % % % % % % % % % % % % % % % % % % % % % % % % % %
% % % % % % % % % % % % % % % % % % % % % % % % % % % % % % % % % % % % % % %
% % % % % % % % % % % % % % % % % % % % % % % % % % % % % % % % % % % % % % %
% % % % % % % % % % % % % % % % % % % % % % % % % % % % % % % % % % % % % % %
% % % % % % % % % % % % % % % % % % % % % % % % % % % % % % % % % % % % % % %
% % % % % % % % % % % % % % % % % % % % % % % % % % % % % % % % % % % % % % %
% % % % % % % % % % % % % % % % % % % % % % % % % % % % % % % % % % % % % % %
% % % % % % % % % % % % % % % % % % % % % % % % % % % % % % % % % % % % % % %
% % % % % % % % % % % % % % % % % % % % % % % % % % % % % % % % % % % % % % %
% % % % % % % % % % % % % % % % % % % % % % % % % % % % % % % % % % % % % % %
% % % % % % % % % % % % % % % % % % % % % % % % % % % % % % % % % % % % % % %
% % % % % % % % % % % % % % % % % % % % % % % % % % % % % % % % % % % % % % %
% % % % % % % % % % % % % % % % % % % % % % % % % % % % % % % % % % % % % % %
% % % % % % % % % % % % % % % <*fcnumparser.sty % % % % . . % % % . . . % % .
. . % % % % % . % % % . . . % % % % . . . % % % . . % % % % . . . . % % % % .
. . . % % % % % % . % % % . . . . . . . . . . . . . . . . % % % . . . . . . .
. . . . . . . . . . % % % . % % % % % % . . % % % % % % % % . . . . . % % % %
% . . . . . . . . . % % % . . . . . % % % . . . . . . . . . . . . . . . % % %
% % . . . . % % % . . . . . . . . . . . . . . . / . . % % % % % . . % % % % %
% % % % . . . . . . . . . . . . . . . . . . % % % % . . % % % . . . . . . . .
. . . . . . % % % % . . . % % % . . . . . . . . . . . . . . % % % % % . . . %
% % . . . . . . . . . . . . . . % % % % % . . . % % % % % % % % % % % . . % %
% . . . . % % % . % % % . . . . . % % % % % % % % % % % % % % % % % % % % % %
% . . . . . . . . . . . . . . . . . . . . . . . . . . . . . . % % . . . . . .
. . . . . . . . . . . . % % % % . . . % % % % % . . % % % % % % . . . . % % %
. . . . . . . . . . . . . % % % . . . . . % % % % % % % % . . . . % % % % . .
% % % % . . . % % % % % % % . . . . . % % % . % % % . . . % % % % . . % % % .
. . . . . . . . . . . . . % % % % % % % % . . . . % % % % % . . . % % % . . .
. . % % % . . . % % % . . % % % . . . . % % % . . . . % % % . . % % % . . . .
% . . . % % > % % % % <*fcprefix.sty % % % % % . . . . . % % % % % . . . . . .
. . . . . . % % % . % % % % . . . . . . . . . . . . % % % % . . . . . . . . .
. . . % % % . % % % % % % % % . . . . . . . . . . . . . . . . . . . % % % % %
% % . . . . % % % . . % % % . % % % . . . . . . . . % % % . . . . % % % . . .
. . . . % % % . . . % % % . . % % % % % % . . % % % % % % % . . % % % . % % %
. . % % % % . . % % % . % % % . . . . % % % % . . . . . . % % % % . . . . . .
. . . % % % . . % % % . . . . . . . . . . . % % % . . . . . . . . . . . . . .
. . % % % % . . . . . . . . . . . . . . . . . . . . . . . . . . . . . . . . .
. . . . % % % % . % % % . . % % % % % . . . . . . . % % % . . . . . % % % % %
% . . . % % % % % % % . . . . . . % % % . % % % . . . . % % % % . . . . . . %
% % . . . . . . . . . . . . . . . . . . . . . . . . . . . . . . . . % % % . .
. . . . . . . . . . . . . . . % % % . . . . . . . . . . . . . . . . . . . . .
. . . . . . . . . % % % % % . . . . . . . . % % % . . . . . % % % % % % % % %
% % % % % % % . . . . . . . . . . . . . . % % . . . . . . . . . . . . . . % %
% % % % % % % % . . . . . % % % % % % % . . . . . . . % % . . . % % . . . % .
. . % % > % % % % <*fmtcount.sty % % % % % . . . . . . % % % % % % % % % . % %
% % % % % % . % % % % % % % % % . . . % % % % % % % % % % % % % . . . . . . .
. . . . . . . . . . . . . % % % % % % % % % % . . . % % % % % % % . . . % % %
% % % % % % % % % . . . % % % % % % % % % . . . . . . . . . . . . . . % % % %
% % . % % % % . . . . . . . . . . . % % % % % . . . . . . . . . . . . . . % %
% % % % . . . . . . . . . . . . . . % % % % % . . . . % % % % % . . . . . . .
. . . . . . . . . . . . . . . . . . . . . . . . . . . . % % % % % % % . . . .
. . % % % . . % % % % . . % % % % . % % % % % % % % % % % . . . . . . . % % %
% . . . . % % % % . . . % % % % . . . . . . . . . . . . . . . . . . . . . . .
. . . % % % % % . . . . . . . . . . . . . . . . . . . . . . . . . . . . . . %
% % % % . . . . % % % % % % . . . . . . . . . . . . . . . . . . . . . . . . %
% % % % . . . . % % % % % . . . . . . . . . . . . . . . . . . . . . . . . . %
% % % % . . . . . . . . . . . . . . . . . . . % % % % % . . . . . . . . . . .
. . . . . . . . % % % % % . . . . . . . . . . . . . . . . . . . . . . . . . .
. . % % % % % . . . . . . . . . . . . . . . . . . . . . . . . . . . % % % % %
% . . . . . . . % % % % % % . . . . . . . . . . . . . % % % % % % % % % % % %
% % % % % % % % % % . . . . % % % % % % % . . . . . . . % % % % % % % % . . .
. . % % % % % % % % . . . . . . . . . . . . . . . . . . . . . . . . . % % % %
% % . . . . % % % % % % % . . . . . % % % % % . . . . . . . . . . . . . . . .
. . . . . . . % % % % % . % % % % % . . . . % % % % % % % % % . . . . . % % %
% % . . . . . . . . . . . . . . . . . . . . . . . . . % % % % % % % . . . . %
% % % % % . . . . . % % % % % . . . . . . . . . . . . . . . . . . . . . . . %
% % % % % . . . . % % % % % % % % . . . . . % % % % % % . . . . . . . . . . .
. . . . . . . . . . . . . . % % % % % % % % . . . . % % % % % % % . . . . . %
% % % % % . . . . . . . . . . . . . . . . . . . . . . . % % % % % % % . . . .
% % % % % % . . . . . % % % % % . . . . . . . . . . . . . . . . . . . . . . .
. . % % % % % % . . . . . % % % % % % % . . . . . % % % % % . . . . . . . . .
. . . . . . . . . . . . . . . . % % % % % % % . . . . % % % % % . . . . . % %
% % % . . . . . . . . . . . . . . . . . . . . . . . % % % % % % . . . . % % %
% % % % . . . . . % % % % % % . . . . . . . . . . . . . . . . . . . . . . . .
. % % % % % % . . . . % % % % % . . . . . % % % % % . . . . . . . . . . . . .
. . . . . . . . . . % % % % % % . . . . % % % % % % % . . . . . % % % % % . .
. . . . . . . . . . . . . . . . . . . . . . . % % % % % % . . . . % % % % % %
. . . . . % % % % % . . . . . . . . . . . . . . . . . . . . . . . . . % % % %
% % . . . . % % % % % % % . . . . . % % % % % . . . . . . . . . . . . . . . .
. . . . . . . . . % % % % % . . . . % % % % % % . . . . % % % % % . . . . % %
% % % % . . . . % % % % % . . . . % % % % % . . . . % % % % % . . . . % % % %
% . . . . % % % % % . . . . % % % % % % % % % % . . . . . . . . . . . . . . .
. . . % % % % % % % . . . . . . . . . . . . . . . . . . . . . . . . . . . . .
. . . . . % % % % % % % % . % % % . . . % % % . . . % % % . . . % % % . . . %
% % . . . % % % . . . % % % . . . % % % . . . % % % . . . % % % . . . % % % .
. . % % % . . . % % % . . . % % % . . . % % % . . . . % % % % . . . . . . . .
. . . . . . % % % . . . . . % . % % > % % % % <*fc-american.def % % % % % . %
% % . % % % % . . . . . . . . . . . . . . . % % % > % % % % <*fc-british.def %
% % % % . % % % . % % % % . . . . . . . . . . . . . . . % % % > % % % %
<*fc-english.def % % % % % . % % % % % . . . . . . . . . . . . . . . . . . . .
. . . . . . . . % % % % . . % % % % % % . . . . . . . . . . . . . . % % % % .
. . . . . . . . . . . . % % % % . . . . . . . . . . . . . . % % % . . . . . .
. . . . . . . . % % % . . . . . . . . . . . . . % % % . . . . . . . . . . . .
. . % % % % % % % . . . . . . . . . . . . . . . . . . . . . . . . . . . . . .
. . . . . . . . . . . . . . . . . . . . . . . . . . . . . . . . . . . . . . .
. . . . . . . . . . . . . . . % % % % . . . . . . . . % % % % % . . % % % % %
. . . . . . . % % % % % . . % % % % . . . . . . . . . . . . . . % % % . . . .
. . . . . . . . . % % % . . . . . . . . . . . . . . % % % . . . . . . . . . .
. . . . % % % . . . . . . . . . . . . . % % % . . . . . . . . . . . . . . % %
% % % % . . . . . . . . . . . . . . . . % % % . . . . . . . . . . . . . . . .
. . . . . . . . . . . . . . . . . . . . . . . . . . . . . . . . . . . . . . .
. . . . . . . . . . . . . . . . . . . . . . . . . . . . . . . . . . . . . . .
. % % % % . . . . . . . . . . . % % % % . . % % % . . . . . . . . . . . % % %
% . . % % % > % % % % <*fc-francais.def % % % % . . % % % . . . . . . . . . .
. . . . . % . % % > % % % % <*fc-french.def % % % % % . % % % % % % % % % % %
% % % % % % . . . . . . . . . . . . . . . . . . . . . . . . . . . . . . . . .
. . . . . . % % % % % . . . . . . . . . . % % % % . . . . . . . % % % % % % %
% % . . . . . . . . . . . . . . . . . . . . % % % % % % % % % % . . . . . . .
. . . . . . . . . . % % % % % % % % % % . . . . . . . . . . . . . . . % % % %
. . . . . . . . % % % % . . . . . . . . % % % % . . % % % % . . . . . . . . .
. . . % % % . . . . . . . . . . % % % . . . . . . . . . . % % % . % % % . . .
. . . . . . . . . . . . . % % % . . . . . . . . . . . . . . . . % % % . . . .
. . . . . . . . . . . . % % % . . . . . . . . . % % % % % % % % % % % % % % %
% . . . . . . . . . . . . . . . . . . . . . . . . . . . . . . . . . . . . . .
. . . . . . . . . . . . . . . . . . . . . . . . . . . . . % % % % . . . . . .
. % % . . . . . . . . . . . . . . . . . . . . . . . . . . . . . . . . . . . .
. . . . . . . . . . . . . . . . . . . . . . . . . . . . . . . . . . . . . . .
. . . . . . . . . . . . . . . . . . . . . . . . . . . . . . . . . . . . . . .
. . . . . . . . . . . . . . . . . . . . . . . . . . . . . . . . . . . . . . .
. . . . . . . . . . . . . . . . . . . . . . . . . . . . . . . . . . . . . . .
. . . . . . . . . . . . . . . . . . . . . . . . . . . . . . . . . . . . . % %
% % % . . % % % % % % % % % % % % % % % % . . . . . . . . . . . . . . . . . .
. . . . . . . . . . . . . . . . . . . . % % % % . . . % % % . . . . . . . . .
% % % . . . . . . . . . % % % % % . . . % % % % % % % % % % % % % % % % . . %
% % % . % % % . % % % % . . . . . . . % % % % . % % % % % % . . % % % % . . .
% % % % % . % % % . . % % % % . . . . . . . . . . . . % % % . . . . . . . . .
. . . . . . . . . . . . . . . . . . % % % % . . . . % % % . . . % % % % . . .
. . . % % % % % . . . % % % . . % % % % . % % % . % % % % . . . % % % % % . .
. . . . . . . . . . . . . . . . . . . . . % % % . . . . % % % . . . % % % . .
. . . . % % % % % . . . % % % . . % % % % . . % % % % . % % % . . . . . . . .
. . . . . . . . . . . . . . . . . . . . . . . . . . . . . . . . . . . . . . .
. . . . . . . . . . . . . . . . . . . . . . . . . . . . . . . . . % % % % . .
. . . . % % % % % % % . . . % % % % % % % % % % % % % % % % % % % % . . % % %
% . . . . . % % % % % % . . . . . % % % % . . . . . . . . . . . . . . % % % %
. . . . . . . . . . . . . . % % % % . . . . . % % % % . . . % % % % % % % % %
% % % % % . . % % % . % % % . % % % . . . % % % . . . . . . . . . . . . . . .
. . . . . . . . . . . . . . . . . . . . . . . . . . . . . . . . . . . . . . .
. % % % . . . . . % % % % . . . % % % % % % % % % % % % % . . % % % . . . % %
% . . . . % % % . . . . . . . . . . . . . . . . . . . . . . . . . . . . . . .
. . . . % % % . . . . . % % % % . . % % % % % % % . . % % % . . . . . . % % %
% % % . . . . % % % . . . . . % % % % % % % % . % % % % . . . % % % % . . . .
. . % % % % . . . % % % % . % % % % . % % % % % . % % % . . . . . % % % % . .
. % % % % % % % . . % % % . . . . . . . . . . % % % % . . . . . . . . . . . .
% % % . . . . . . . . . . . . . . . . . . . . . . . . % % % . . . % % % . . %
% % . % % % . . . . . . . . . . . . . . . . . . . % % % . . . . . % % % . . .
. . . . . . . . % . . . % % > % % % % <*fc-frenchb.def % % % % . . % % % . . .
. . . . . . . . . . . . % . % % > % % % % <*fc-german.def % % % % % % . % % %
% % % . . % % % . . % % % . . % % % % % % . . . . . . . . . . . . . . % % % .
. . . . . . . . . . . . . % % % % % . . % % % . . . . . . . . . . . . . . % %
% % . . . . . % % % . . % % % . . . . % % % . . % % % . . . . . . . . . . % %
% . . . . . . . . . . % % % . . . . . . . . . . % % % . . . . % % % . . . . %
% % . . . . % % % % % % % . . . . . . . . . . . . . . % % % . . . . . . . . .
. . . . % % % . . . . . . . . . . . . . . % % % . . . . . . . . . . . . . . %
% % . . . . . . . . . . . . . % % % . . . . . . . . . . . . . . % % % % % . .
. . . . . . . . . . . . % % % . . . . . . . . . . . . . % % % . . . . . . . .
. . . . . . % % % % % % . . . . . . . . . . . . . . . . . . . . . % % % % % .
. . . . . . . . . . . . . . % % % . . . % % % . . . . . . . . % % % . . . % %
% . % % % . . % % % . . . . . . . . . . . . . . . . % % % . . . . . . . . . .
. . . . . . . . . % % . . . . . . . . . . . . . . . % % % . % % % . . . . . .
. % % % . . . . . . . . . . . . % % % % . . . . . . . . . . . . % % % % . . .
. . . . . . . . . . . . . . . % % % . % . % % > % % % % <*fc-germanb.def % % %
% . % % % . % % % . . . . . . . . . . . . . . . % . % % > % % % %
<*fc-italian.def % % % % % % . . . . . . . . . . . . . . . . . . . . . . . . .
. . . . . . . . % . % % > % % % % <*fc-ngerman.def % % % % . . . % % % % . . .
. . . . . . . . . . . . % . % % > % % % % <*fc-ngermanb.def % % % % . . % % %
% . . . . . . . . . . . . . . . % % % . % . % % > % % % % <*fc-portuges.def %
% % % % . % % % % % . . . . . . % % % . . . . . . % % % . % % % % % % . . . .
. . . . . . . . . . % % % . . . . . . . . . . . . . . % % % . . . . . . . . .
. . . . . % % % . . . . . . . . . . . . . . % % % . . . . . . . . . . . . % %
% . . . . . . . . . . . . % % % . . . . . . . . . . . . . . % % % . . . . . .
. . . . . . . . % % % . . . . . . . . . . . . . . % % % . . . . . . . . . . .
. . . % % % . . . . . . . . . . . . % % % . . . . . . . . . . . . % % % % % %
% . . . . . . . . % % % . . . . . . . . % % % . % % % . . . . . . . . % % % .
. . . . . . . % % % . % % % . . . . . . . . % % % . . . . . . . . % % % . % %
% . . . . . . . . % % % . . . . . . . . % % % . % % % % . . . . . . . . . . .
. . . % % % . . . . . . . . . . . . . % % % . . . . . % % % . . . . . . . . .
. . . % % % . . . . . . . . . . . . . . % % % . . . . . . . . . . . . . % % %
. . . . . . . . . . . . % % % . . . . . . . . . . . . . . % % % . . . . . . .
. . . . . . % % % . . . . . . . . . . . . % % % . . . . . . . . . . . . . . %
% % . . . . . . . . . . . . . % % % . . . . . . . . . . . . % % % % % % % . .
. . . . . . . . . . . . . % % % . . . . . . . . . . . . . . . . . . . . . . .
. . . . . . . . . . . . . . . . . . . . . . . . . . . . . . . . . . . . . . .
. . . . . . . . . . . . . . . . . . . . . . . . . . . . . . % % % . . . . . .
. . . . . . . . . . . . . . . . . . . . . . . . . . . . . . . . . . . . . . .
. . . . . . . . . . . . . . . . . . . . . . . . . . . . . . . . . . . . . . .
. % % % > % % % % <*fc-spanish.def % % % % % . % % % % % % . . % % % . . % % %
. % % % % % . . . . . . . . . . . . . . % % % . . . . . . . . . . . . . . % %
% % % . . . . . . . . . . . . . . % % % . . . . . . . . . . . . . . % % % . .
. . . . . . . . . . . % % % . . . . . . . . . . . . . % % % . . . . . . . . .
. . . % % % . . . . . . . . . . . . % % % . . . . . . . . . . . . . . % % % .
. . . . . . . . . . . . . % % % % % . . . . . . . . . . . . . . % % % . . . .
. . . . . . . . . . % % % . . . . . . . . . . . . . % % % . . . . . . . . . .
. . . % % % . . . . . . . . . . . . % % % . . . . . . . . . . . . % % % % % %
% . . . . . . . . . % % % % % . . . . . . . . . % % % . % % % . . . . . . . .
. % % % % % . . . . . . . . . % % % . % % % . . . . . . . . % % % . . . . . .
. . % % % . % % % . . . . . . . . % % % . . . . . . . . % % % . % % % % % . .
. . . . . . . . . . . . % % % . . . . . . . . . . . . . % % % . . . . . . . .
. . . . . . % % % . . . . . . . . . . . . % % % . . . . . . . . . . . . . . %
% % . . . . . . . . . . . . . % % % . . . . . . . . . . . . . . % % % . . . .
. . . . . . . . % % % . . . . . . . . . . . . . . % % % . . . . . . . . . . .
. . % % % . . . . . . . . . . . . . . % % % . . . . . . . . . . . . % % % . .
. . . . . . . . . . . . % % % . . . . . . . . . . . . . % % % . . . . . . . .
. . . . . . % % % . . . . . . . . . . . . % % % % % % % % . . . . . . . . . .
. . . . . % % % . . . . . . . . . . . . . . . . . . . . . . . . . . . . . . .
. . . . . . . . . . . . . . . . . . . % % % % . . . . . . . . . . . . . . . .
. . . . . . . . . . . . . . . . . . . . % % % . . . . . . . . . . . . . . . .
. . . . . . . . . . . . . . . . . . . . . . . . . . . . . . . . . . . . . . .
. . . . . . . . . . . . . . . . . . . . . . . . . . . . . . . . . . . . % . %
% > % % % % <*fc-UKenglish.def % % % % % . % % % . % % % % . . . . . . . . . .
. . . . . % % % > % % % % <*fc-USenglish.def % % % % % . % % % . % % % % % . .
. . . . . . . . . . . . . % % % > % % %
File fmtcount.dtx ended by \endinput.
Lines  processed: 8360
Comments removed: 3140
Comments  passed: 25
Codelines passed: 5155

Overall statistics:
Files  processed: 2
Lines  processed: 16720
Comments removed: 6280
Comments  passed: 50
Codelines passed: 10310
 ) 
Here is how much of TeX's memory you used:
 466 strings out of 495060
 5494 string characters out of 3182052
 57883 words of memory out of 3000000
 3726 multiletter control sequences out of 15000+200000
 3640 words of font info for 14 fonts, out of 3000000 for 9000
 14 hyphenation exceptions out of 8191
 11i,0n,15p,390b,292s stack positions out of 5000i,500n,10000p,200000b,50000s

No pages of output.
