This is pdfTeX, Version 3.1415926-2.4-1.40.13 (TeX Live 2012/Debian) (format=latex 2012.10.29)  19 APR 2013 17:23
entering extended mode
 restricted \write18 enabled.
 %&-line parsing enabled.
**marginnote.dtx
(./marginnote.dtx
LaTeX2e <2011/06/27>
Babel <v3.8m> and hyphenation patterns for english, dumylang, nohyphenation, lo
aded.
File: marginnote.dtx 2012/03/29 v1.1i non floating margin notes for LaTeX
(/usr/share/texlive/texmf-dist/tex/latex/base/ltxdoc.cls
Document Class: ltxdoc 2007/11/11 v2.0u Standard LaTeX documentation class
(/usr/share/texlive/texmf-dist/tex/latex/base/article.cls
Document Class: article 2007/10/19 v1.4h Standard LaTeX document class
(/usr/share/texlive/texmf-dist/tex/latex/base/size10.clo
File: size10.clo 2007/10/19 v1.4h Standard LaTeX file (size option)
)
\c@part=\count79
\c@section=\count80
\c@subsection=\count81
\c@subsubsection=\count82
\c@paragraph=\count83
\c@subparagraph=\count84
\c@figure=\count85
\c@table=\count86
\abovecaptionskip=\skip41
\belowcaptionskip=\skip42
\bibindent=\dimen102
)
(/usr/share/texlive/texmf-dist/tex/latex/base/doc.sty
Package: doc 2010/02/04 v2.1e Standard LaTeX documentation package (FMi)
\c@StandardModuleDepth=\count87
\guard@level=\count88
\MacrocodeTopsep=\skip43
\MacroIndent=\dimen103
\macro@cnt=\count89
\MacroTopsep=\skip44
\index@excludelist=\toks14

(/usr/share/texlive/texmf-dist/tex/latex/tools/multicol.sty
Package: multicol 2011/06/27 v1.7a multicolumn formatting (FMi)
\c@tracingmulticols=\count90
\mult@box=\box26
\multicol@leftmargin=\dimen104
\c@unbalance=\count91
\c@collectmore=\count92
\doublecol@number=\count93
\multicoltolerance=\count94
\multicolpretolerance=\count95
\full@width=\dimen105
\page@free=\dimen106
\premulticols=\dimen107
\postmulticols=\dimen108
\multicolsep=\skip45
\multicolbaselineskip=\skip46
\partial@page=\box27
\last@line=\box28
\mult@rightbox=\box29
\mult@grightbox=\box30
\mult@gfirstbox=\box31
\mult@firstbox=\box32
\@tempa=\box33
\@tempa=\box34
\@tempa=\box35
\@tempa=\box36
\@tempa=\box37
\@tempa=\box38
\@tempa=\box39
\@tempa=\box40
\@tempa=\box41
\@tempa=\box42
\@tempa=\box43
\@tempa=\box44
\@tempa=\box45
\@tempa=\box46
\@tempa=\box47
\@tempa=\box48
\@tempa=\box49
\c@columnbadness=\count96
\c@finalcolumnbadness=\count97
\last@try=\dimen109
\multicolovershoot=\dimen110
\multicolundershoot=\dimen111
\mult@nat@firstbox=\box50
\colbreak@box=\box51
\multicol@sort@counter=\count98
)
\IndexMin=\dimen112
\c@IndexColumns=\count99
\GlossaryMin=\dimen113
\c@GlossaryColumns=\count100
\check@sum=\count101
\bslash@cnt=\count102
\wrong@table=\toks15
\c@CodelineNo=\count103
))
(/usr/share/texlive/texmf-dist/tex/latex/graphics/graphicx.sty
Package: graphicx 1999/02/16 v1.0f Enhanced LaTeX Graphics (DPC,SPQR)

(/usr/share/texlive/texmf-dist/tex/latex/graphics/keyval.sty
Package: keyval 1999/03/16 v1.13 key=value parser (DPC)
\KV@toks@=\toks16
)
(/usr/share/texlive/texmf-dist/tex/latex/graphics/graphics.sty
Package: graphics 2009/02/05 v1.0o Standard LaTeX Graphics (DPC,SPQR)

(/usr/share/texlive/texmf-dist/tex/latex/graphics/trig.sty
Package: trig 1999/03/16 v1.09 sin cos tan (DPC)
)
(/usr/share/texlive/texmf-dist/tex/latex/latexconfig/graphics.cfg
File: graphics.cfg 2010/04/23 v1.9 graphics configuration of TeX Live
)
Package graphics Info: Driver file: dvips.def on input line 91.

(/usr/share/texlive/texmf-dist/tex/latex/graphics/dvips.def
File: dvips.def 1999/02/16 v3.0i Driver-dependant file (DPC,SPQR)
))
\Gin@req@height=\dimen114
\Gin@req@width=\dimen115
)
No file marginnote.aux.
\openout1 = `marginnote.aux'.

LaTeX Font Info:    Checking defaults for OML/cmm/m/it on input line 41.
LaTeX Font Info:    ... okay on input line 41.
LaTeX Font Info:    Checking defaults for T1/cmr/m/n on input line 41.
LaTeX Font Info:    ... okay on input line 41.
LaTeX Font Info:    Checking defaults for OT1/cmr/m/n on input line 41.
LaTeX Font Info:    ... okay on input line 41.
LaTeX Font Info:    Checking defaults for OMS/cmsy/m/n on input line 41.
LaTeX Font Info:    ... okay on input line 41.
LaTeX Font Info:    Checking defaults for OMX/cmex/m/n on input line 41.
LaTeX Font Info:    ... okay on input line 41.
LaTeX Font Info:    Checking defaults for U/cmr/m/n on input line 41.
LaTeX Font Info:    ... okay on input line 41.
Package doc Info: Made | a short reference for \verb on input line 41.
\@glossaryfile=\write3
\openout3 = `marginnote.glo'.

Writing glossary file marginnote.glo 
(./marginnote.dtx
LaTeX Font Info:    External font `cmex10' loaded for size
(Font)              <17.28> on input line 55.
LaTeX Font Info:    External font `cmex10' loaded for size
(Font)              <12> on input line 55.
LaTeX Font Info:    External font `cmex10' loaded for size
(Font)              <8> on input line 55.
LaTeX Font Info:    External font `cmex10' loaded for size
(Font)              <6> on input line 55.
LaTeX Font Info:    External font `cmex10' loaded for size
(Font)              <5> on input line 55.
LaTeX Font Info:    External font `cmex10' loaded for size
(Font)              <9> on input line 58.

No file marginnote.toc.
\tf@toc=\write4
\openout4 = `marginnote.toc'.

LaTeX Font Info:    Font shape `OT1/cmtt/bx/n' in size <10> not available
(Font)              Font shape `OT1/cmtt/m/n' tried instead on input line 80.
[1

]
LaTeX Font Info:    External font `cmex10' loaded for size
(Font)              <7> on input line 97.


LaTeX Warning: Marginpar on page 2 moved.

LaTeX Font Info:    Font shape `OMS/cmtt/m/n' in size <10> not available
(Font)              Font shape `OMS/cmsy/m/n' tried instead on input line 137.

LaTeX Warning: Marginpar on page 2 moved.

LaTeX Font Info:    Try loading font information for OMS+cmr on input line 157.

(/usr/share/texlive/texmf-dist/tex/latex/base/omscmr.fd
File: omscmr.fd 1999/05/25 v2.5h Standard LaTeX font definitions
)
LaTeX Font Info:    Font shape `OMS/cmr/m/n' in size <10> not available
(Font)              Font shape `OMS/cmsy/m/n' tried instead on input line 157.
 [2] [3]
Overfull \hbox (5.31265pt too wide) in paragraph at lines 267--267
 [][]      \OT1/cmtt/m/n/9 Use either unsupported marginnote up to version 1.1c
 or\MessageBreak 
 []

[4] [5]
Overfull \hbox (0.5877pt too wide) in paragraph at lines 425--425
 [][]        \OT1/cmtt/m/n/9 \expandafter\ifx\csname XeTeXrevision\endcsname\re
lax\else % bg 4 
 []

[6]
Overfull \hbox (14.76254pt too wide) in paragraph at lines 438--438
 [][]\OT1/cmtt/m/n/9 \AtBeginDocument{\if@mn@pdfmode\edef\marginnotetextwidth{\
the\textwidth}\fi} 
 []

[7]
Overfull \hbox (28.93738pt too wide) in paragraph at lines 511--511
 [][]  \OT1/cmtt/m/n/9 \expandafter\ifx\csname mn@note.\@mn@thispage.\@mn@atthi
spage\endcsname\relax 
 []


Overfull \hbox (5.31265pt too wide) in paragraph at lines 532--532
 [][]          \OT1/cmtt/m/n/9 note \@mn@thispage.\@mn@atthispage\space will be
 on\MessageBreak 
 []

[8]
Overfull \hbox (24.21243pt too wide) in paragraph at lines 569--569
 [][]      \OT1/cmtt/m/n/9 \PackageInfo{marginnote}{Margin note \@mn@thispage.\
@mn@atthispage\space 
 []


Overfull \hbox (0.5877pt too wide) in paragraph at lines 605--605
 [][]      \OT1/cmtt/m/n/9 \def\:{\@xifnch}\expandafter\def\: { \futurelet\@let
@token\@ifnch}% 
 []


Overfull \hbox (24.21243pt too wide) in paragraph at lines 605--605
 [][]  \OT1/cmtt/m/n/9 \@ifnextchar [{\@mn@@marginnote[{#1}]{#2}}{\@mn@@marginn
ote[{#1}]{#2}[\z@]}% 
 []

[9] [10] [11] [12]
No file marginnote.ind.
No file marginnote.gls.
*******************
* Checksum passed *
*******************
) [13] (./marginnote.aux) ) 
Here is how much of TeX's memory you used:
 933 strings out of 495060
 11742 string characters out of 3182052
 71390 words of memory out of 3000000
 4141 multiletter control sequences out of 15000+200000
 12227 words of font info for 43 fonts, out of 3000000 for 9000
 14 hyphenation exceptions out of 8191
 30i,9n,21p,258b,581s stack positions out of 5000i,500n,10000p,200000b,50000s

Output written on marginnote.dvi (13 pages, 36596 bytes).
