This is pdfTeX, Version 3.1415926-2.4-1.40.13 (TeX Live 2012/Debian) (format=latex 2012.10.29)  30 NOV 2012 16:55
entering extended mode
 restricted \write18 enabled.
 %&-line parsing enabled.
**pdfpages.ins
(./pdfpages.ins
LaTeX2e <2011/06/27>
Babel <v3.8m> and hyphenation patterns for english, dumylang, nohyphenation, lo
aded.
(/usr/share/texlive/texmf-dist/tex/latex/base/docstrip.tex
\blockLevel=\count79
\emptyLines=\count80
\processedLines=\count81
\commentsRemoved=\count82
\commentsPassed=\count83
\codeLinesPassed=\count84
\TotalprocessedLines=\count85
\TotalcommentsRemoved=\count86
\TotalcommentsPassed=\count87
\TotalcodeLinesPassed=\count88
\NumberOfFiles=\count89
\inFile=\read1
\inputcheck=\read2
\off@0=\count90
\off@1=\count91
\off@2=\count92
\off@3=\count93
\off@4=\count94
\off@5=\count95
\off@6=\count96
\off@7=\count97
\off@8=\count98
\off@9=\count99
\off@10=\count100
\off@11=\count101
\off@12=\count102
\off@13=\count103
\off@14=\count104
\off@15=\count105
\@maxfiles=\count106
\@maxoutfiles=\count107

Utility: `docstrip' 2.5d <2005/07/29>
English documentation    <1999/03/31>

**********************************************************
* This program converts documented macro-files into fast *
* loadable files by stripping off (nearly) all comments! *
**********************************************************

********************************************************
* No Configuration file found, using default settings. *
********************************************************

)

Generating file(s) ./pdfpages.sty 
\openout0 = `./pdfpages.sty'.


Processing file pdfpages.dtx (package) -> pdfpages.sty
File pdfpages.dtx ended by \endinput.
Lines  processed: 4631
Comments removed: 2037
Comments  passed: 24
Codelines passed: 2512


Generating file(s) ./pppdftex.def 
\openout0 = `./pppdftex.def'.


Processing file pdfpages.dtx (pppdftexdef) -> pppdftex.def
File pdfpages.dtx ended by \endinput.
Lines  processed: 4631
Comments removed: 2037
Comments  passed: 24
Codelines passed: 2512


Generating file(s) ./ppvtex.def 
\openout0 = `./ppvtex.def'.


Processing file pdfpages.dtx (ppvtexdef) -> ppvtex.def
File pdfpages.dtx ended by \endinput.
Lines  processed: 4631
Comments removed: 2037
Comments  passed: 24
Codelines passed: 2512


Generating file(s) ./ppxetex.def 
\openout0 = `./ppxetex.def'.


Processing file pdfpages.dtx (ppxetexdef) -> ppxetex.def
File pdfpages.dtx ended by \endinput.
Lines  processed: 4631
Comments removed: 2037
Comments  passed: 24
Codelines passed: 2512


Generating file(s) ./ppdvips.def 
\openout0 = `./ppdvips.def'.


Processing file pdfpages.dtx (ppdvipsdef) -> ppdvips.def
File pdfpages.dtx ended by \endinput.
Lines  processed: 4631
Comments removed: 2037
Comments  passed: 24
Codelines passed: 2512


Generating file(s) ./ppdvipdfm.def 
\openout0 = `./ppdvipdfm.def'.


Processing file pdfpages.dtx (ppdvipdfmdef) -> ppdvipdfm.def
File pdfpages.dtx ended by \endinput.
Lines  processed: 4631
Comments removed: 2037
Comments  passed: 24
Codelines passed: 2512


Generating file(s) ./ppnull.def 
\openout0 = `./ppnull.def'.


Processing file pdfpages.dtx (ppnulldef) -> ppnull.def
File pdfpages.dtx ended by \endinput.
Lines  processed: 4631
Comments removed: 2037
Comments  passed: 24
Codelines passed: 2512


Generating file(s) ./pdf-ex.tex 
\openout0 = `./pdf-ex.tex'.


Processing file pdfpages.dtx (example1) -> pdf-ex.tex
File pdfpages.dtx ended by \endinput.
Lines  processed: 4631
Comments removed: 2037
Comments  passed: 24
Codelines passed: 2512


Generating file(s) ./pdf-hyp.tex 
\openout0 = `./pdf-hyp.tex'.


Processing file pdfpages.dtx (example2) -> pdf-hyp.tex
File pdfpages.dtx ended by \endinput.
Lines  processed: 4631
Comments removed: 2037
Comments  passed: 24
Codelines passed: 2512


Generating file(s) ./pdf-toc.tex 
\openout0 = `./pdf-toc.tex'.


Processing file pdfpages.dtx (example3) -> pdf-toc.tex
File pdfpages.dtx ended by \endinput.
Lines  processed: 4631
Comments removed: 2037
Comments  passed: 24
Codelines passed: 2512

**************************************************************
*
* To finish the installation you have to move the following
* files into a directory searched by LaTeX:
*
*   pdfpages.sty
*   pppdftex.def
*   ppvtex.def
*   ppxetex.def
*   ppdvips.def
*   ppnull.def
*
* To produce the documentation, run the following
* file through LaTeX:
*
*   pdfpages.dtx
*
* The following files are examples demonstrating how to use
* the pdfpages package.
*
*   pdf-ex.tex
*   pdf-hyp.tex
*   pdf-toc.tex
*
* Happy TeXing!
*
**************************************************************
Overall statistics:
Files  processed: 10
Lines  processed: 46310
Comments removed: 20370
Comments  passed: 240
Codelines passed: 25120
 ) 
Here is how much of TeX's memory you used:
 401 strings out of 495060
 4186 string characters out of 3182052
 52474 words of memory out of 3000000
 3669 multiletter control sequences out of 15000+200000
 3640 words of font info for 14 fonts, out of 3000000 for 9000
 14 hyphenation exceptions out of 8191
 13i,0n,15p,166b,146s stack positions out of 5000i,500n,10000p,200000b,50000s

No pages of output.
