This is pdfTeX, Version 3.1415926-2.4-1.40.13 (TeX Live 2012/Debian) (format=latex 2012.10.29)  12 SEP 2013 11:44
entering extended mode
 restricted \write18 enabled.
 %&-line parsing enabled.
**SIunits.ins
(./SIunits.ins
LaTeX2e <2011/06/27>
Babel <v3.8m> and hyphenation patterns for english, dumylang, nohyphenation, lo
aded.
(/usr/share/texlive/texmf-dist/tex/latex/base/docstrip.tex
\blockLevel=\count79
\emptyLines=\count80
\processedLines=\count81
\commentsRemoved=\count82
\commentsPassed=\count83
\codeLinesPassed=\count84
\TotalprocessedLines=\count85
\TotalcommentsRemoved=\count86
\TotalcommentsPassed=\count87
\TotalcodeLinesPassed=\count88
\NumberOfFiles=\count89
\inFile=\read1
\inputcheck=\read2
\off@0=\count90
\off@1=\count91
\off@2=\count92
\off@3=\count93
\off@4=\count94
\off@5=\count95
\off@6=\count96
\off@7=\count97
\off@8=\count98
\off@9=\count99
\off@10=\count100
\off@11=\count101
\off@12=\count102
\off@13=\count103
\off@14=\count104
\off@15=\count105
\@maxfiles=\count106
\@maxoutfiles=\count107

Utility: `docstrip' 2.5d <2005/07/29>
English documentation    <1999/03/31>

**********************************************************
* This program converts documented macro-files into fast *
* loadable files by stripping off (nearly) all comments! *
**********************************************************

********************************************************
* No Configuration file found, using default settings. *
********************************************************

(./SIunits.ins

Generating file(s) ./SIunits.sty 
\openout0 = `./SIunits.sty'.


Processing file SIunits.dtx (package) -> SIunits.sty
File SIunits.dtx ended by \endinput.
Lines  processed: 3178
Comments removed: 2434
Comments  passed: 97
Codelines passed: 621


Generating file(s) ./binary.sty 
\openout0 = `./binary.sty'.


Processing file SIunits.dtx (binary) -> binary.sty
File SIunits.dtx ended by \endinput.
Lines  processed: 3178
Comments removed: 2434
Comments  passed: 97
Codelines passed: 621


Generating file(s) ./SIunits.cfg 
\openout0 = `./SIunits.cfg'.


Processing file SIunits.dtx (config) -> SIunits.cfg
File SIunits.dtx ended by \endinput.
Lines  processed: 3178
Comments removed: 2434
Comments  passed: 97
Codelines passed: 621


Generating file(s) ./SIunits.drv 
\openout0 = `./SIunits.drv'.


Processing file SIunits.dtx (driver) -> SIunits.drv
File SIunits.dtx ended by \endinput.
Lines  processed: 3178
Comments removed: 2434
Comments  passed: 97
Codelines passed: 621

************************************************************

 To finish the installation you have to move the file
 `SIunits.sty' (and optionally the file `SIunits.cfg')
 into a directory searched by LaTeX.

 To type-set the documentation, run the file `SIunits.drv'
 through LaTeX.
 Process SIunits.idx file by:
     makeindex -s gind.ist SIunits
 Process SIunits.glo file by:
     makeindex -s gglo.ist -o SIunits.gls SIunits.glo

************************************************************
Overall statistics:
Files  processed: 4
Lines  processed: 12712
Comments removed: 9736
Comments  passed: 388
Codelines passed: 2484
 ) ) ) 
Here is how much of TeX's memory you used:
 348 strings out of 495060
 3506 string characters out of 3182052
 52008 words of memory out of 3000000
 3621 multiletter control sequences out of 15000+200000
 3640 words of font info for 14 fonts, out of 3000000 for 9000
 14 hyphenation exceptions out of 8191
 17i,0n,15p,328b,135s stack positions out of 5000i,500n,10000p,200000b,50000s

No pages of output.
