This is pdfTeX, Version 3.1415926-2.4-1.40.13 (TeX Live 2012/Debian) (format=latex 2012.10.29)  5 JUN 2013 10:16
entering extended mode
 restricted \write18 enabled.
 %&-line parsing enabled.
**footmisc.ins
(./footmisc.ins
LaTeX2e <2011/06/27>
Babel <v3.8m> and hyphenation patterns for english, dumylang, nohyphenation, lo
aded.
(/usr/share/texlive/texmf-dist/tex/latex/base/docstrip.tex
\blockLevel=\count79
\emptyLines=\count80
\processedLines=\count81
\commentsRemoved=\count82
\commentsPassed=\count83
\codeLinesPassed=\count84
\TotalprocessedLines=\count85
\TotalcommentsRemoved=\count86
\TotalcommentsPassed=\count87
\TotalcodeLinesPassed=\count88
\NumberOfFiles=\count89
\inFile=\read1
\inputcheck=\read2
\off@0=\count90
\off@1=\count91
\off@2=\count92
\off@3=\count93
\off@4=\count94
\off@5=\count95
\off@6=\count96
\off@7=\count97
\off@8=\count98
\off@9=\count99
\off@10=\count100
\off@11=\count101
\off@12=\count102
\off@13=\count103
\off@14=\count104
\off@15=\count105
\@maxfiles=\count106
\@maxoutfiles=\count107

Utility: `docstrip' 2.5d <2005/07/29>
English documentation    <1999/03/31>

**********************************************************
* This program converts documented macro-files into fast *
* loadable files by stripping off (nearly) all comments! *
**********************************************************

********************************************************
* No Configuration file found, using default settings. *
********************************************************

)
*** Generating the footmisc package ***

Generating file(s) ./footmisc.sty 
\openout0 = `./footmisc.sty'.


Processing file footmisc.dtx (package) -> footmisc.sty
File footmisc.dtx ended by \endinput.
Lines  processed: 2336
Comments removed: 1336
Comments  passed: 2
Codelines passed: 972

***********************************************************
*
* To finish the installation you have to move the file
* footmisc.sty into a directory searched by TeX
*
* Usual TDS location:
*   tex/latex/footmisc
*
* Happy TeXing
*
***********************************************************
 ) 
Here is how much of TeX's memory you used:
 322 strings out of 495060
 3214 string characters out of 3182052
 52252 words of memory out of 3000000
 3599 multiletter control sequences out of 15000+200000
 3640 words of font info for 14 fonts, out of 3000000 for 9000
 14 hyphenation exceptions out of 8191
 11i,0n,15p,132b,129s stack positions out of 5000i,500n,10000p,200000b,50000s

No pages of output.
