This is pdfTeX, Version 3.1415926-2.4-1.40.13 (TeX Live 2012/Debian) (format=latex 2012.10.29)  19 APR 2013 17:30
entering extended mode
 restricted \write18 enabled.
 %&-line parsing enabled.
**svninfo.ins
(./svninfo.ins
LaTeX2e <2011/06/27>
Babel <v3.8m> and hyphenation patterns for english, dumylang, nohyphenation, lo
aded.
(/usr/share/texlive/texmf-dist/tex/latex/base/docstrip.tex
\blockLevel=\count79
\emptyLines=\count80
\processedLines=\count81
\commentsRemoved=\count82
\commentsPassed=\count83
\codeLinesPassed=\count84
\TotalprocessedLines=\count85
\TotalcommentsRemoved=\count86
\TotalcommentsPassed=\count87
\TotalcodeLinesPassed=\count88
\NumberOfFiles=\count89
\inFile=\read1
\inputcheck=\read2
\off@0=\count90
\off@1=\count91
\off@2=\count92
\off@3=\count93
\off@4=\count94
\off@5=\count95
\off@6=\count96
\off@7=\count97
\off@8=\count98
\off@9=\count99
\off@10=\count100
\off@11=\count101
\off@12=\count102
\off@13=\count103
\off@14=\count104
\off@15=\count105
\@maxfiles=\count106
\@maxoutfiles=\count107

Utility: `docstrip' 2.5d <2005/07/29>
English documentation    <1999/03/31>

**********************************************************
* This program converts documented macro-files into fast *
* loadable files by stripping off (nearly) all comments! *
**********************************************************

********************************************************
* No Configuration file found, using default settings. *
********************************************************

(./svninfo.ins

***********************************************************
** Hello to the installation of the `svninfo' package.
** Version 0.7.4, March 23, 2010
***********************************************************


Generating file(s) ./svninfo.sty ./svninfo.init ./svninfo.cfg 
\openout0 = `./svninfo.sty'.

\openout1 = `./svninfo.init'.

\openout2 = `./svninfo.cfg'.


Processing file svninfo.dtx (header,package) -> svninfo.sty
                            (init) -> svninfo.init
                            (header,config) -> svninfo.cfg
. % <*header . . % % % % % % > % . % % % % % % % % % % % % % % % % % % % % % %
% % % % % % % % % % % % % % % % % % % % % % % % % % % % % % % % % % % % % % %
% % % % % % % % % % % % % % % % % % % % % % % % % % % % % % % % % % % % % % %
% % % % % % % % % % % % % % % % % % % % % % % % % % % % % % % % % % % % % % %
% % % % % % % % % % % % % % % % % % % % % % % % % % % % % % % % % % % % % % %
% % % % % % % % % % % % % % % % % % % % % % % % % % % % % % % % % % % % % % %
% % % % % % % % % % % % % % % % % % % % % % % % % % % % % % % % % % % % % % %
% % % % % % % % % % % % % % % % % % % % % % % % % % % % % % % % % % % % % % %
% % % % % % % % % % % % % % % % % % % % % % % % % % % % % % % % % % % % % % %
% % % % % % % % % % % % % % % % % % % % % % % % % % % % % % % % % % % % % % %
% % % % % % % % % % % % % % % % % % % % % % % % % % % % % % % % % % % % % % %
<*driver . . . . . . . . . . . . . . . . . . . . . . . . . > % % % % % % % % %
% % % <*config . > % % % % % % % % % % % % % <*package . . % % % % . . . % % %
% % . % % % % . . . % % % % . . . % % % % . . % % . . . % % % % . % % . . . .
. . % % % % % % . . . . . . . . % % % % % % . . . . . . . . . . . . . . . . .
. . . . . . . . . . . . . % % % % . . . . . . % % % % . % % % % . . . % % % %
. . . % % % % . % % % % . % % % % . % % % . . . . . . . . . . . . . . % % % .
% % % % % % . % % % % % % % % % % % % . % % % % % % . % % % % . . . . . . . .
/ . . . % % . % % % % % % % . . . . . . . . . % % . % % % % . % % . % % % % %
. . . . . . . % % . % % % % % % % % % . . . % % . % % % % % % % % % % % % % %
% . . . . . . . . % . . . . . . . . . . . . . . . . . . . % % % % % % % . . .
. . . . . . . . . . . . . . . . . . . . . . % % % % % % % % % % % . . . . . .
. . . . . . . . . . . % % % % % % . . . . . . . . . . . . . . . . . . . . . .
. . . % % % % % % . . . . . . . . . . . . . . . . % % % % . . . . . . . . . .
% % % . . . . . . . . . . . . . . . . . . . . . . . . . . . % % % . . . . . .
. . . . % % % . . . . . . . . . . % % % % % . . . . . . . . . . . . . . . % %
% % % % . % . % % % . . . . . . . . . . . . . . . . . % % % . . . . . . . % %
% % % % % % % % % % . % % % % % % % . % % % % % % % % % % . . % % % % % % . .
. . . % % % % % % % . . . . % % % % % % % % % % % . . . % % % % % % % % % . .
. % % % % % % % . % % % % % % % . . % % % % % % % . . . . % % % % % . . . . .
. . . . . . % % % . . . . . . . . . . . . . . . . . % % . % % % . % % % % % .
. . . . . % % . % % % % . . % % % % % % % . . . . . . . % % % . % % % % % . .
. % % % % % % % % % . . . . . . . . . . . . % % % % . % % % . . % % % % % . .
. . . . . > % % % % % % % % % % % % % % % % % % % % <*ins . . . . . . . . . .
. . % . . . . . . . . . . . . . . . . . > % % % % % %
Lines  processed: 1372
Comments removed: 830
Comments  passed: 35
Codelines passed: 497


***********************************************************
** Edit the file svninfo.cfg and set the default fancy headings package
** To finish the installation move the file `svninfo.sty' and
** svninfo.cfg to a place where LaTeX will find it.
** To Get the documentation: `latex svninfo.dtx'
** Happy TeXing
***********************************************************

) ) ) 
Here is how much of TeX's memory you used:
 335 strings out of 495060
 3397 string characters out of 3182052
 51473 words of memory out of 3000000
 3609 multiletter control sequences out of 15000+200000
 3640 words of font info for 14 fonts, out of 3000000 for 9000
 14 hyphenation exceptions out of 8191
 15i,0n,15p,178b,151s stack positions out of 5000i,500n,10000p,200000b,50000s

No pages of output.
