This is pdfTeX, Version 3.1415926-2.4-1.40.13 (TeX Live 2012/Debian) (format=latex 2012.10.29)  18 FEB 2013 16:56
entering extended mode
 restricted \write18 enabled.
 %&-line parsing enabled.
**changepage.ins
(./changepage.ins
LaTeX2e <2011/06/27>
Babel <v3.8m> and hyphenation patterns for english, dumylang, nohyphenation, lo
aded.
(./changepage.tex

! LaTeX Error: File `filecontents.sty' not found.

Type X to quit or <RETURN> to proceed,
or enter new name. (Default extension: sty)

Enter file name: 

LaTeX Warning: Writing file `./changepage.sty'.

\openout15 = `changepage.sty'.



LaTeX Warning: Writing file `./chngpage.sty'.

\openout15 = `chngpage.sty'.


 ) ) 
Here is how much of TeX's memory you used:
 14 strings out of 495060
 269 string characters out of 3182052
 45057 words of memory out of 3000000
 3292 multiletter control sequences out of 15000+200000
 3640 words of font info for 14 fonts, out of 3000000 for 9000
 14 hyphenation exceptions out of 8191
 11i,0n,7p,122b,52s stack positions out of 5000i,500n,10000p,200000b,50000s

No pages of output.
